This file contains any messages produced by compilers while
running configure, to aid debugging if configure makes a mistake.

It was created by c_icap configure 0.4.3, which was
generated by GNU Autoconf 2.69.  Invocation command line was

  $ ./configure --enable-large-files --prefix=/usr/local/c-icap-0.4.x --no-create --no-recursion

## --------- ##
## Platform. ##
## --------- ##

hostname = centos
uname -m = x86_64
uname -r = 2.6.32-642.1.1.el6.x86_64
uname -s = Linux
uname -v = #1 SMP Tue May 31 21:57:07 UTC 2016

/usr/bin/uname -p = unknown
/bin/uname -X     = unknown

/bin/arch              = x86_64
/usr/bin/arch -k       = unknown
/usr/convex/getsysinfo = unknown
/usr/bin/hostinfo      = unknown
/bin/machine           = unknown
/usr/bin/oslevel       = unknown
/bin/universe          = unknown

PATH: /root/bin
PATH: /usr/local/bin
PATH: /usr/lib64/qt-3.3/bin
PATH: /usr/local/sbin
PATH: /usr/local/bin
PATH: /sbin
PATH: /bin
PATH: /usr/sbin
PATH: /usr/bin
PATH: /root/bin


## ----------- ##
## Core tests. ##
## ----------- ##

configure:2583: checking whether to enable maintainer-specific portions of Makefiles
configure:2592: result: no
configure:2653: checking for a BSD-compatible install
configure:2721: result: /usr/bin/install -c
configure:2732: checking whether build environment is sane
configure:2787: result: yes
configure:2938: checking for a thread-safe mkdir -p
configure:2977: result: /bin/mkdir -p
configure:2984: checking for gawk
configure:3000: found /bin/gawk
configure:3011: result: gawk
configure:3022: checking whether make sets $(MAKE)
configure:3044: result: yes
configure:3073: checking whether make supports nested variables
configure:3090: result: yes
configure:3220: checking for gawk
configure:3247: result: gawk
configure:3306: checking for gcc
configure:3322: found /usr/local/bin/gcc
configure:3333: result: gcc
configure:3562: checking for C compiler version
configure:3571: gcc --version >&5
gcc (GCC) 4.4.7 20120313 (Red Hat 4.4.7-17)
Copyright (C) 2010 Free Software Foundation, Inc.
This is free software; see the source for copying conditions.  There is NO
warranty; not even for MERCHANTABILITY or FITNESS FOR A PARTICULAR PURPOSE.

configure:3582: $? = 0
configure:3571: gcc -v >&5
Using built-in specs.
Target: x86_64-redhat-linux
Configured with: ../configure --prefix=/usr --mandir=/usr/share/man --infodir=/usr/share/info --with-bugurl=http://bugzilla.redhat.com/bugzilla --enable-bootstrap --enable-shared --enable-threads=posix --enable-checking=release --with-system-zlib --enable-__cxa_atexit --disable-libunwind-exceptions --enable-gnu-unique-object --enable-languages=c,c++,objc,obj-c++,java,fortran,ada --enable-java-awt=gtk --disable-dssi --with-java-home=/usr/lib/jvm/java-1.5.0-gcj-1.5.0.0/jre --enable-libgcj-multifile --enable-java-maintainer-mode --with-ecj-jar=/usr/share/java/eclipse-ecj.jar --disable-libjava-multilib --with-ppl --with-cloog --with-tune=generic --with-arch_32=i686 --build=x86_64-redhat-linux
Thread model: posix
gcc version 4.4.7 20120313 (Red Hat 4.4.7-17) (GCC) 
configure:3582: $? = 0
configure:3571: gcc -V >&5
gcc: '-V' option must have argument
configure:3582: $? = 1
configure:3571: gcc -qversion >&5
gcc: unrecognized option '-qversion'
gcc: no input files
configure:3582: $? = 1
configure:3602: checking whether the C compiler works
configure:3624: gcc    conftest.c  >&5
configure:3628: $? = 0
configure:3676: result: yes
configure:3679: checking for C compiler default output file name
configure:3681: result: a.out
configure:3687: checking for suffix of executables
configure:3694: gcc -o conftest    conftest.c  >&5
configure:3698: $? = 0
configure:3720: result: 
configure:3742: checking whether we are cross compiling
configure:3750: gcc -o conftest    conftest.c  >&5
configure:3754: $? = 0
configure:3761: ./conftest
configure:3765: $? = 0
configure:3780: result: no
configure:3785: checking for suffix of object files
configure:3807: gcc -c   conftest.c >&5
configure:3811: $? = 0
configure:3832: result: o
configure:3836: checking whether we are using the GNU C compiler
configure:3855: gcc -c   conftest.c >&5
configure:3855: $? = 0
configure:3864: result: yes
configure:3873: checking whether gcc accepts -g
configure:3893: gcc -c -g  conftest.c >&5
configure:3893: $? = 0
configure:3934: result: yes
configure:3951: checking for gcc option to accept ISO C89
configure:4014: gcc  -c -g -O2  conftest.c >&5
configure:4014: $? = 0
configure:4027: result: none needed
configure:4052: checking whether gcc understands -c and -o together
configure:4074: gcc -c conftest.c -o conftest2.o
configure:4077: $? = 0
configure:4074: gcc -c conftest.c -o conftest2.o
configure:4077: $? = 0
configure:4089: result: yes
configure:4117: checking for style of include used by make
configure:4145: result: GNU
configure:4171: checking dependency style of gcc
configure:4282: result: gcc3
configure:4304: checking how to run the C preprocessor
configure:4335: gcc -E  conftest.c
configure:4335: $? = 0
configure:4349: gcc -E  conftest.c
conftest.c:11:28: error: ac_nonexistent.h: No such file or directory
configure:4349: $? = 1
configure: failed program was:
| /* confdefs.h */
| #define PACKAGE_NAME "c_icap"
| #define PACKAGE_TARNAME "c_icap"
| #define PACKAGE_VERSION "0.4.3"
| #define PACKAGE_STRING "c_icap 0.4.3"
| #define PACKAGE_BUGREPORT ""
| #define PACKAGE_URL ""
| #define PACKAGE "c_icap"
| #define VERSION "0.4.3"
| /* end confdefs.h.  */
| #include <ac_nonexistent.h>
configure:4374: result: gcc -E
configure:4394: gcc -E  conftest.c
configure:4394: $? = 0
configure:4408: gcc -E  conftest.c
conftest.c:11:28: error: ac_nonexistent.h: No such file or directory
configure:4408: $? = 1
configure: failed program was:
| /* confdefs.h */
| #define PACKAGE_NAME "c_icap"
| #define PACKAGE_TARNAME "c_icap"
| #define PACKAGE_VERSION "0.4.3"
| #define PACKAGE_STRING "c_icap 0.4.3"
| #define PACKAGE_BUGREPORT ""
| #define PACKAGE_URL ""
| #define PACKAGE "c_icap"
| #define VERSION "0.4.3"
| /* end confdefs.h.  */
| #include <ac_nonexistent.h>
configure:4437: checking for grep that handles long lines and -e
configure:4495: result: /bin/grep
configure:4500: checking for egrep
configure:4562: result: /bin/grep -E
configure:4567: checking for ANSI C header files
configure:4587: gcc -c -g -O2  conftest.c >&5
configure:4587: $? = 0
configure:4660: gcc -o conftest -g -O2   conftest.c  >&5
configure:4660: $? = 0
configure:4660: ./conftest
configure:4660: $? = 0
configure:4671: result: yes
configure:4684: checking for sys/types.h
configure:4684: gcc -c -g -O2  conftest.c >&5
configure:4684: $? = 0
configure:4684: result: yes
configure:4684: checking for sys/stat.h
configure:4684: gcc -c -g -O2  conftest.c >&5
configure:4684: $? = 0
configure:4684: result: yes
configure:4684: checking for stdlib.h
configure:4684: gcc -c -g -O2  conftest.c >&5
configure:4684: $? = 0
configure:4684: result: yes
configure:4684: checking for string.h
configure:4684: gcc -c -g -O2  conftest.c >&5
configure:4684: $? = 0
configure:4684: result: yes
configure:4684: checking for memory.h
configure:4684: gcc -c -g -O2  conftest.c >&5
configure:4684: $? = 0
configure:4684: result: yes
configure:4684: checking for strings.h
configure:4684: gcc -c -g -O2  conftest.c >&5
configure:4684: $? = 0
configure:4684: result: yes
configure:4684: checking for inttypes.h
configure:4684: gcc -c -g -O2  conftest.c >&5
configure:4684: $? = 0
configure:4684: result: yes
configure:4684: checking for stdint.h
configure:4684: gcc -c -g -O2  conftest.c >&5
configure:4684: $? = 0
configure:4684: result: yes
configure:4684: checking for unistd.h
configure:4684: gcc -c -g -O2  conftest.c >&5
configure:4684: $? = 0
configure:4684: result: yes
configure:4696: checking whether byte ordering is bigendian
configure:4711: gcc -c -g -O2  conftest.c >&5
conftest.c:22: error: expected '=', ',', ';', 'asm' or '__attribute__' before 'a'
configure:4711: $? = 1
configure: failed program was:
| /* confdefs.h */
| #define PACKAGE_NAME "c_icap"
| #define PACKAGE_TARNAME "c_icap"
| #define PACKAGE_VERSION "0.4.3"
| #define PACKAGE_STRING "c_icap 0.4.3"
| #define PACKAGE_BUGREPORT ""
| #define PACKAGE_URL ""
| #define PACKAGE "c_icap"
| #define VERSION "0.4.3"
| #define STDC_HEADERS 1
| #define HAVE_SYS_TYPES_H 1
| #define HAVE_SYS_STAT_H 1
| #define HAVE_STDLIB_H 1
| #define HAVE_STRING_H 1
| #define HAVE_MEMORY_H 1
| #define HAVE_STRINGS_H 1
| #define HAVE_INTTYPES_H 1
| #define HAVE_STDINT_H 1
| #define HAVE_UNISTD_H 1
| /* end confdefs.h.  */
| #ifndef __APPLE_CC__
| 	       not a universal capable compiler
| 	     #endif
| 	     typedef int dummy;
| 
configure:4756: gcc -c -g -O2  conftest.c >&5
configure:4756: $? = 0
configure:4774: gcc -c -g -O2  conftest.c >&5
conftest.c: In function 'main':
conftest.c:28: error: 'not' undeclared (first use in this function)
conftest.c:28: error: (Each undeclared identifier is reported only once
conftest.c:28: error: for each function it appears in.)
conftest.c:28: error: expected ';' before 'big'
configure:4774: $? = 1
configure: failed program was:
| /* confdefs.h */
| #define PACKAGE_NAME "c_icap"
| #define PACKAGE_TARNAME "c_icap"
| #define PACKAGE_VERSION "0.4.3"
| #define PACKAGE_STRING "c_icap 0.4.3"
| #define PACKAGE_BUGREPORT ""
| #define PACKAGE_URL ""
| #define PACKAGE "c_icap"
| #define VERSION "0.4.3"
| #define STDC_HEADERS 1
| #define HAVE_SYS_TYPES_H 1
| #define HAVE_SYS_STAT_H 1
| #define HAVE_STDLIB_H 1
| #define HAVE_STRING_H 1
| #define HAVE_MEMORY_H 1
| #define HAVE_STRINGS_H 1
| #define HAVE_INTTYPES_H 1
| #define HAVE_STDINT_H 1
| #define HAVE_UNISTD_H 1
| /* end confdefs.h.  */
| #include <sys/types.h>
| 		#include <sys/param.h>
| 
| int
| main ()
| {
| #if BYTE_ORDER != BIG_ENDIAN
| 		 not big endian
| 		#endif
| 
|   ;
|   return 0;
| }
configure:4902: result: no
configure:4960: checking build system type
configure:4974: result: x86_64-unknown-linux-gnu
configure:4994: checking host system type
configure:5007: result: x86_64-unknown-linux-gnu
configure:5376: checking how to print strings
configure:5403: result: printf
configure:5424: checking for a sed that does not truncate output
configure:5488: result: /bin/sed
configure:5506: checking for fgrep
configure:5568: result: /bin/grep -F
configure:5603: checking for ld used by gcc
configure:5670: result: /usr/bin/ld
configure:5677: checking if the linker (/usr/bin/ld) is GNU ld
configure:5692: result: yes
configure:5704: checking for BSD- or MS-compatible name lister (nm)
configure:5753: result: /usr/bin/nm -B
configure:5883: checking the name lister (/usr/bin/nm -B) interface
configure:5890: gcc -c -g -O2  conftest.c >&5
configure:5893: /usr/bin/nm -B "conftest.o"
configure:5896: output
0000000000000000 B some_variable
configure:5903: result: BSD nm
configure:5906: checking whether ln -s works
configure:5910: result: yes
configure:5918: checking the maximum length of command line arguments
configure:6049: result: 1966080
configure:6066: checking whether the shell understands some XSI constructs
configure:6076: result: yes
configure:6080: checking whether the shell understands "+="
configure:6086: result: yes
configure:6121: checking how to convert x86_64-unknown-linux-gnu file names to x86_64-unknown-linux-gnu format
configure:6161: result: func_convert_file_noop
configure:6168: checking how to convert x86_64-unknown-linux-gnu file names to toolchain format
configure:6188: result: func_convert_file_noop
configure:6195: checking for /usr/bin/ld option to reload object files
configure:6202: result: -r
configure:6276: checking for objdump
configure:6303: result: objdump
configure:6332: checking how to recognize dependent libraries
configure:6530: result: pass_all
configure:6615: checking for dlltool
configure:6642: result: dlltool
configure:6672: checking how to associate runtime and link libraries
configure:6699: result: printf %s\n
configure:6759: checking for ar
configure:6775: found /usr/bin/ar
configure:6786: result: ar
configure:6823: checking for archiver @FILE support
configure:6840: gcc -c -g -O2  conftest.c >&5
configure:6840: $? = 0
configure:6843: ar cru libconftest.a @conftest.lst >&5
configure:6846: $? = 0
configure:6851: ar cru libconftest.a @conftest.lst >&5
ar: conftest.o: No such file or directory
configure:6854: $? = 1
configure:6866: result: @
configure:6924: checking for strip
configure:6940: found /usr/bin/strip
configure:6951: result: strip
configure:7023: checking for ranlib
configure:7039: found /usr/bin/ranlib
configure:7050: result: ranlib
configure:7152: checking command to parse /usr/bin/nm -B output from gcc object
configure:7272: gcc -c -g -O2  conftest.c >&5
configure:7275: $? = 0
configure:7279: /usr/bin/nm -B conftest.o \| sed -n -e 's/^.*[ ]\([ABCDGIRSTW][ABCDGIRSTW]*\)[ ][ ]*\([_A-Za-z][_A-Za-z0-9]*\)$/\1 \2 \2/p' | sed '/ __gnu_lto/d' \> conftest.nm
configure:7282: $? = 0
configure:7348: gcc -o conftest -g -O2   conftest.c conftstm.o >&5
configure:7351: $? = 0
configure:7389: result: ok
configure:7426: checking for sysroot
configure:7456: result: no
configure:7533: gcc -c -g -O2  conftest.c >&5
configure:7536: $? = 0
configure:7725: checking for mt
configure:7755: result: no
configure:7775: checking if : is a manifest tool
configure:7781: : '-?'
configure:7789: result: no
configure:8428: checking for dlfcn.h
configure:8428: gcc -c -g -O2  conftest.c >&5
configure:8428: $? = 0
configure:8428: result: yes
configure:8600: checking for objdir
configure:8615: result: .libs
configure:8882: checking if gcc supports -fno-rtti -fno-exceptions
configure:8900: gcc -c -g -O2  -fno-rtti -fno-exceptions conftest.c >&5
cc1: warning: command line option "-fno-rtti" is valid for C++/ObjC++ but not for C
configure:8904: $? = 0
configure:8917: result: no
configure:9244: checking for gcc option to produce PIC
configure:9251: result: -fPIC -DPIC
configure:9259: checking if gcc PIC flag -fPIC -DPIC works
configure:9277: gcc -c -g -O2  -fPIC -DPIC -DPIC conftest.c >&5
configure:9281: $? = 0
configure:9294: result: yes
configure:9323: checking if gcc static flag -static works
configure:9351: result: yes
configure:9366: checking if gcc supports -c -o file.o
configure:9387: gcc -c -g -O2  -o out/conftest2.o conftest.c >&5
configure:9391: $? = 0
configure:9413: result: yes
configure:9421: checking if gcc supports -c -o file.o
configure:9468: result: yes
configure:9501: checking whether the gcc linker (/usr/bin/ld -m elf_x86_64) supports shared libraries
configure:10658: result: yes
configure:10695: checking whether -lc should be explicitly linked in
configure:10703: gcc -c -g -O2  conftest.c >&5
configure:10706: $? = 0
configure:10721: gcc -shared  -fPIC -DPIC conftest.o  -v -Wl,-soname -Wl,conftest -o conftest 2\>\&1 \| /bin/grep  -lc  \>/dev/null 2\>\&1
configure:10724: $? = 0
configure:10738: result: no
configure:10898: checking dynamic linker characteristics
configure:11398: gcc -o conftest -g -O2   -Wl,-rpath -Wl,/foo conftest.c  >&5
configure:11398: $? = 0
configure:11632: result: GNU/Linux ld.so
configure:11739: checking how to hardcode library paths into programs
configure:11764: result: immediate
configure:11858: checking for shl_load
configure:11858: gcc -o conftest -g -O2   conftest.c  >&5
/tmp/ccQikQwT.o: In function `main':
/root/c_icap-0.4.3/conftest.c:57: undefined reference to `shl_load'
collect2: ld returned 1 exit status
configure:11858: $? = 1
configure: failed program was:
| /* confdefs.h */
| #define PACKAGE_NAME "c_icap"
| #define PACKAGE_TARNAME "c_icap"
| #define PACKAGE_VERSION "0.4.3"
| #define PACKAGE_STRING "c_icap 0.4.3"
| #define PACKAGE_BUGREPORT ""
| #define PACKAGE_URL ""
| #define PACKAGE "c_icap"
| #define VERSION "0.4.3"
| #define STDC_HEADERS 1
| #define HAVE_SYS_TYPES_H 1
| #define HAVE_SYS_STAT_H 1
| #define HAVE_STDLIB_H 1
| #define HAVE_STRING_H 1
| #define HAVE_MEMORY_H 1
| #define HAVE_STRINGS_H 1
| #define HAVE_INTTYPES_H 1
| #define HAVE_STDINT_H 1
| #define HAVE_UNISTD_H 1
| #define HAVE_DLFCN_H 1
| #define LT_OBJDIR ".libs/"
| /* end confdefs.h.  */
| /* Define shl_load to an innocuous variant, in case <limits.h> declares shl_load.
|    For example, HP-UX 11i <limits.h> declares gettimeofday.  */
| #define shl_load innocuous_shl_load
| 
| /* System header to define __stub macros and hopefully few prototypes,
|     which can conflict with char shl_load (); below.
|     Prefer <limits.h> to <assert.h> if __STDC__ is defined, since
|     <limits.h> exists even on freestanding compilers.  */
| 
| #ifdef __STDC__
| # include <limits.h>
| #else
| # include <assert.h>
| #endif
| 
| #undef shl_load
| 
| /* Override any GCC internal prototype to avoid an error.
|    Use char because int might match the return type of a GCC
|    builtin and then its argument prototype would still apply.  */
| #ifdef __cplusplus
| extern "C"
| #endif
| char shl_load ();
| /* The GNU C library defines this for functions which it implements
|     to always fail with ENOSYS.  Some functions are actually named
|     something starting with __ and the normal name is an alias.  */
| #if defined __stub_shl_load || defined __stub___shl_load
| choke me
| #endif
| 
| int
| main ()
| {
| return shl_load ();
|   ;
|   return 0;
| }
configure:11858: result: no
configure:11862: checking for shl_load in -ldld
configure:11887: gcc -o conftest -g -O2   conftest.c -ldld   >&5
/usr/bin/ld: cannot find -ldld
collect2: ld returned 1 exit status
configure:11887: $? = 1
configure: failed program was:
| /* confdefs.h */
| #define PACKAGE_NAME "c_icap"
| #define PACKAGE_TARNAME "c_icap"
| #define PACKAGE_VERSION "0.4.3"
| #define PACKAGE_STRING "c_icap 0.4.3"
| #define PACKAGE_BUGREPORT ""
| #define PACKAGE_URL ""
| #define PACKAGE "c_icap"
| #define VERSION "0.4.3"
| #define STDC_HEADERS 1
| #define HAVE_SYS_TYPES_H 1
| #define HAVE_SYS_STAT_H 1
| #define HAVE_STDLIB_H 1
| #define HAVE_STRING_H 1
| #define HAVE_MEMORY_H 1
| #define HAVE_STRINGS_H 1
| #define HAVE_INTTYPES_H 1
| #define HAVE_STDINT_H 1
| #define HAVE_UNISTD_H 1
| #define HAVE_DLFCN_H 1
| #define LT_OBJDIR ".libs/"
| /* end confdefs.h.  */
| 
| /* Override any GCC internal prototype to avoid an error.
|    Use char because int might match the return type of a GCC
|    builtin and then its argument prototype would still apply.  */
| #ifdef __cplusplus
| extern "C"
| #endif
| char shl_load ();
| int
| main ()
| {
| return shl_load ();
|   ;
|   return 0;
| }
configure:11896: result: no
configure:11901: checking for dlopen
configure:11901: gcc -o conftest -g -O2   conftest.c  >&5
/tmp/ccHq7nk0.o: In function `main':
/root/c_icap-0.4.3/conftest.c:57: undefined reference to `dlopen'
collect2: ld returned 1 exit status
configure:11901: $? = 1
configure: failed program was:
| /* confdefs.h */
| #define PACKAGE_NAME "c_icap"
| #define PACKAGE_TARNAME "c_icap"
| #define PACKAGE_VERSION "0.4.3"
| #define PACKAGE_STRING "c_icap 0.4.3"
| #define PACKAGE_BUGREPORT ""
| #define PACKAGE_URL ""
| #define PACKAGE "c_icap"
| #define VERSION "0.4.3"
| #define STDC_HEADERS 1
| #define HAVE_SYS_TYPES_H 1
| #define HAVE_SYS_STAT_H 1
| #define HAVE_STDLIB_H 1
| #define HAVE_STRING_H 1
| #define HAVE_MEMORY_H 1
| #define HAVE_STRINGS_H 1
| #define HAVE_INTTYPES_H 1
| #define HAVE_STDINT_H 1
| #define HAVE_UNISTD_H 1
| #define HAVE_DLFCN_H 1
| #define LT_OBJDIR ".libs/"
| /* end confdefs.h.  */
| /* Define dlopen to an innocuous variant, in case <limits.h> declares dlopen.
|    For example, HP-UX 11i <limits.h> declares gettimeofday.  */
| #define dlopen innocuous_dlopen
| 
| /* System header to define __stub macros and hopefully few prototypes,
|     which can conflict with char dlopen (); below.
|     Prefer <limits.h> to <assert.h> if __STDC__ is defined, since
|     <limits.h> exists even on freestanding compilers.  */
| 
| #ifdef __STDC__
| # include <limits.h>
| #else
| # include <assert.h>
| #endif
| 
| #undef dlopen
| 
| /* Override any GCC internal prototype to avoid an error.
|    Use char because int might match the return type of a GCC
|    builtin and then its argument prototype would still apply.  */
| #ifdef __cplusplus
| extern "C"
| #endif
| char dlopen ();
| /* The GNU C library defines this for functions which it implements
|     to always fail with ENOSYS.  Some functions are actually named
|     something starting with __ and the normal name is an alias.  */
| #if defined __stub_dlopen || defined __stub___dlopen
| choke me
| #endif
| 
| int
| main ()
| {
| return dlopen ();
|   ;
|   return 0;
| }
configure:11901: result: no
configure:11905: checking for dlopen in -ldl
configure:11930: gcc -o conftest -g -O2   conftest.c -ldl   >&5
configure:11930: $? = 0
configure:11939: result: yes
configure:12058: checking whether a program can dlopen itself
configure:12138: gcc -o conftest -g -O2  -DHAVE_DLFCN_H  -Wl,--export-dynamic conftest.c -ldl  >&5
configure:12141: $? = 0
configure:12159: result: yes
configure:12164: checking whether a statically linked program can dlopen itself
configure:12244: gcc -o conftest -g -O2  -DHAVE_DLFCN_H  -Wl,--export-dynamic -static conftest.c -ldl  >&5
/tmp/ccHcEG35.o: In function `main':
/root/c_icap-0.4.3/configure:12223: warning: Using 'dlopen' in statically linked applications requires at runtime the shared libraries from the glibc version used for linking
/usr/bin/ld: dynamic STT_GNU_IFUNC symbol `strcmp' with pointer equality in `/usr/lib/gcc/x86_64-redhat-linux/4.4.7/../../../../lib64/libc.a(strcmp.o)' can not be used when making an executable; recompile with -fPIE and relink with -pie
collect2: ld returned 1 exit status
configure:12247: $? = 1
configure:12265: result: no
configure:12304: checking whether stripping libraries is possible
configure:12309: result: yes
configure:12344: checking if libtool supports shared libraries
configure:12346: result: yes
configure:12349: checking whether to build shared libraries
configure:12370: result: yes
configure:12373: checking whether to build static libraries
configure:12377: result: no
configure:12420: checking target system type
configure:12433: result: x86_64-unknown-linux-gnu
configure:12524: checking minix/config.h usability
configure:12524: gcc -c -D_REENTRANT -g -O2  conftest.c >&5
conftest.c:56:26: error: minix/config.h: No such file or directory
configure:12524: $? = 1
configure: failed program was:
| /* confdefs.h */
| #define PACKAGE_NAME "c_icap"
| #define PACKAGE_TARNAME "c_icap"
| #define PACKAGE_VERSION "0.4.3"
| #define PACKAGE_STRING "c_icap 0.4.3"
| #define PACKAGE_BUGREPORT ""
| #define PACKAGE_URL ""
| #define PACKAGE "c_icap"
| #define VERSION "0.4.3"
| #define STDC_HEADERS 1
| #define HAVE_SYS_TYPES_H 1
| #define HAVE_SYS_STAT_H 1
| #define HAVE_STDLIB_H 1
| #define HAVE_STRING_H 1
| #define HAVE_MEMORY_H 1
| #define HAVE_STRINGS_H 1
| #define HAVE_INTTYPES_H 1
| #define HAVE_STDINT_H 1
| #define HAVE_UNISTD_H 1
| #define HAVE_DLFCN_H 1
| #define LT_OBJDIR ".libs/"
| /* end confdefs.h.  */
| #include <stdio.h>
| #ifdef HAVE_SYS_TYPES_H
| # include <sys/types.h>
| #endif
| #ifdef HAVE_SYS_STAT_H
| # include <sys/stat.h>
| #endif
| #ifdef STDC_HEADERS
| # include <stdlib.h>
| # include <stddef.h>
| #else
| # ifdef HAVE_STDLIB_H
| #  include <stdlib.h>
| # endif
| #endif
| #ifdef HAVE_STRING_H
| # if !defined STDC_HEADERS && defined HAVE_MEMORY_H
| #  include <memory.h>
| # endif
| # include <string.h>
| #endif
| #ifdef HAVE_STRINGS_H
| # include <strings.h>
| #endif
| #ifdef HAVE_INTTYPES_H
| # include <inttypes.h>
| #endif
| #ifdef HAVE_STDINT_H
| # include <stdint.h>
| #endif
| #ifdef HAVE_UNISTD_H
| # include <unistd.h>
| #endif
| #include <minix/config.h>
configure:12524: result: no
configure:12524: checking minix/config.h presence
configure:12524: gcc -E  conftest.c
conftest.c:23:26: error: minix/config.h: No such file or directory
configure:12524: $? = 1
configure: failed program was:
| /* confdefs.h */
| #define PACKAGE_NAME "c_icap"
| #define PACKAGE_TARNAME "c_icap"
| #define PACKAGE_VERSION "0.4.3"
| #define PACKAGE_STRING "c_icap 0.4.3"
| #define PACKAGE_BUGREPORT ""
| #define PACKAGE_URL ""
| #define PACKAGE "c_icap"
| #define VERSION "0.4.3"
| #define STDC_HEADERS 1
| #define HAVE_SYS_TYPES_H 1
| #define HAVE_SYS_STAT_H 1
| #define HAVE_STDLIB_H 1
| #define HAVE_STRING_H 1
| #define HAVE_MEMORY_H 1
| #define HAVE_STRINGS_H 1
| #define HAVE_INTTYPES_H 1
| #define HAVE_STDINT_H 1
| #define HAVE_UNISTD_H 1
| #define HAVE_DLFCN_H 1
| #define LT_OBJDIR ".libs/"
| /* end confdefs.h.  */
| #include <minix/config.h>
configure:12524: result: no
configure:12524: checking for minix/config.h
configure:12524: result: no
configure:12545: checking whether it is safe to define __EXTENSIONS__
configure:12563: gcc -c -D_REENTRANT -g -O2  conftest.c >&5
configure:12563: $? = 0
configure:12570: result: yes
configure:12588: checking for __attribute__((visibility("default")))
configure:12597: gcc -fvisibility=hidden -Werror -S conftest.c -o conftest.s 1>&5
configure:12600: $? = 0
configure:12615: result: yes
configure:12701: checking Keep library compatibility
configure:12714: result: no
configure:12726: checking for doxygen
configure:12742: found /usr/bin/doxygen
configure:12754: result: yes
configure:12812: checking for dlopen in -ldl
configure:12846: result: yes
configure:12931: checking for inflate in -lz
configure:12956: gcc -o conftest -D_REENTRANT -g -O2 -Wall -D_FILE_OFFSET_BITS=64   conftest.c -lz   >&5
configure:12956: $? = 0
configure:12965: result: yes
configure:13060: checking for BZ2_bzDecompressInit in -lbz2
configure:13085: gcc -o conftest -D_REENTRANT -g -O2 -Wall -D_FILE_OFFSET_BITS=64   conftest.c -lbz2   >&5
configure:13085: $? = 0
configure:13094: result: yes
configure:13153: gcc -o conftest -D_REENTRANT -g -O2 -Wall -D_FILE_OFFSET_BITS=64   conftest.c -ldb  >&5
configure:13153: $? = 0
configure:13334: checking for ldap_search_ext_s in -lldap
configure:13359: gcc -o conftest -D_REENTRANT -g -O2 -Wall -D_FILE_OFFSET_BITS=64   conftest.c -lldap   >&5
/usr/bin/ld: cannot find -lldap
collect2: ld returned 1 exit status
configure:13359: $? = 1
configure: failed program was:
| /* confdefs.h */
| #define PACKAGE_NAME "c_icap"
| #define PACKAGE_TARNAME "c_icap"
| #define PACKAGE_VERSION "0.4.3"
| #define PACKAGE_STRING "c_icap 0.4.3"
| #define PACKAGE_BUGREPORT ""
| #define PACKAGE_URL ""
| #define PACKAGE "c_icap"
| #define VERSION "0.4.3"
| #define STDC_HEADERS 1
| #define HAVE_SYS_TYPES_H 1
| #define HAVE_SYS_STAT_H 1
| #define HAVE_STDLIB_H 1
| #define HAVE_STRING_H 1
| #define HAVE_MEMORY_H 1
| #define HAVE_STRINGS_H 1
| #define HAVE_INTTYPES_H 1
| #define HAVE_STDINT_H 1
| #define HAVE_UNISTD_H 1
| #define HAVE_DLFCN_H 1
| #define LT_OBJDIR ".libs/"
| #define __EXTENSIONS__ 1
| #define _ALL_SOURCE 1
| #define _GNU_SOURCE 1
| #define _POSIX_PTHREAD_SEMANTICS 1
| #define _TANDEM_SOURCE 1
| #define HAVE_VISIBILITY_ATTRIBUTE 1
| #define HAVE_ZLIB 1
| #define HAVE_BZLIB 1
| #define HAVE_BDB 1
| /* end confdefs.h.  */
| 
| /* Override any GCC internal prototype to avoid an error.
|    Use char because int might match the return type of a GCC
|    builtin and then its argument prototype would still apply.  */
| #ifdef __cplusplus
| extern "C"
| #endif
| char ldap_search_ext_s ();
| int
| main ()
| {
| return ldap_search_ext_s ();
|   ;
|   return 0;
| }
configure:13368: result: no
configure:13417: checking libmemcached/memcached.h usability
configure:13417: gcc -c -D_REENTRANT -g -O2 -Wall -D_FILE_OFFSET_BITS=64  conftest.c >&5
conftest.c:65:36: error: libmemcached/memcached.h: No such file or directory
configure:13417: $? = 1
configure: failed program was:
| /* confdefs.h */
| #define PACKAGE_NAME "c_icap"
| #define PACKAGE_TARNAME "c_icap"
| #define PACKAGE_VERSION "0.4.3"
| #define PACKAGE_STRING "c_icap 0.4.3"
| #define PACKAGE_BUGREPORT ""
| #define PACKAGE_URL ""
| #define PACKAGE "c_icap"
| #define VERSION "0.4.3"
| #define STDC_HEADERS 1
| #define HAVE_SYS_TYPES_H 1
| #define HAVE_SYS_STAT_H 1
| #define HAVE_STDLIB_H 1
| #define HAVE_STRING_H 1
| #define HAVE_MEMORY_H 1
| #define HAVE_STRINGS_H 1
| #define HAVE_INTTYPES_H 1
| #define HAVE_STDINT_H 1
| #define HAVE_UNISTD_H 1
| #define HAVE_DLFCN_H 1
| #define LT_OBJDIR ".libs/"
| #define __EXTENSIONS__ 1
| #define _ALL_SOURCE 1
| #define _GNU_SOURCE 1
| #define _POSIX_PTHREAD_SEMANTICS 1
| #define _TANDEM_SOURCE 1
| #define HAVE_VISIBILITY_ATTRIBUTE 1
| #define HAVE_ZLIB 1
| #define HAVE_BZLIB 1
| #define HAVE_BDB 1
| /* end confdefs.h.  */
| #include <stdio.h>
| #ifdef HAVE_SYS_TYPES_H
| # include <sys/types.h>
| #endif
| #ifdef HAVE_SYS_STAT_H
| # include <sys/stat.h>
| #endif
| #ifdef STDC_HEADERS
| # include <stdlib.h>
| # include <stddef.h>
| #else
| # ifdef HAVE_STDLIB_H
| #  include <stdlib.h>
| # endif
| #endif
| #ifdef HAVE_STRING_H
| # if !defined STDC_HEADERS && defined HAVE_MEMORY_H
| #  include <memory.h>
| # endif
| # include <string.h>
| #endif
| #ifdef HAVE_STRINGS_H
| # include <strings.h>
| #endif
| #ifdef HAVE_INTTYPES_H
| # include <inttypes.h>
| #endif
| #ifdef HAVE_STDINT_H
| # include <stdint.h>
| #endif
| #ifdef HAVE_UNISTD_H
| # include <unistd.h>
| #endif
| #include <libmemcached/memcached.h>
configure:13417: result: no
configure:13417: checking libmemcached/memcached.h presence
configure:13417: gcc -E  conftest.c
conftest.c:32:36: error: libmemcached/memcached.h: No such file or directory
configure:13417: $? = 1
configure: failed program was:
| /* confdefs.h */
| #define PACKAGE_NAME "c_icap"
| #define PACKAGE_TARNAME "c_icap"
| #define PACKAGE_VERSION "0.4.3"
| #define PACKAGE_STRING "c_icap 0.4.3"
| #define PACKAGE_BUGREPORT ""
| #define PACKAGE_URL ""
| #define PACKAGE "c_icap"
| #define VERSION "0.4.3"
| #define STDC_HEADERS 1
| #define HAVE_SYS_TYPES_H 1
| #define HAVE_SYS_STAT_H 1
| #define HAVE_STDLIB_H 1
| #define HAVE_STRING_H 1
| #define HAVE_MEMORY_H 1
| #define HAVE_STRINGS_H 1
| #define HAVE_INTTYPES_H 1
| #define HAVE_STDINT_H 1
| #define HAVE_UNISTD_H 1
| #define HAVE_DLFCN_H 1
| #define LT_OBJDIR ".libs/"
| #define __EXTENSIONS__ 1
| #define _ALL_SOURCE 1
| #define _GNU_SOURCE 1
| #define _POSIX_PTHREAD_SEMANTICS 1
| #define _TANDEM_SOURCE 1
| #define HAVE_VISIBILITY_ATTRIBUTE 1
| #define HAVE_ZLIB 1
| #define HAVE_BZLIB 1
| #define HAVE_BDB 1
| /* end confdefs.h.  */
| #include <libmemcached/memcached.h>
configure:13417: result: no
configure:13417: checking for libmemcached/memcached.h
configure:13417: result: no
configure:13438: checking for ANSI C header files
configure:13542: result: yes
configure:13553: checking for strings.h
configure:13553: result: yes
configure:13553: checking for unistd.h
configure:13553: result: yes
configure:13553: checking for sys/stat.h
configure:13553: result: yes
configure:13553: checking limits.h usability
configure:13553: gcc -c -D_REENTRANT -g -O2 -Wall -D_FILE_OFFSET_BITS=64  conftest.c >&5
configure:13553: $? = 0
configure:13553: result: yes
configure:13553: checking limits.h presence
configure:13553: gcc -E  conftest.c
configure:13553: $? = 0
configure:13553: result: yes
configure:13553: checking for limits.h
configure:13553: result: yes
configure:13566: checking for sys/types.h
configure:13566: result: yes
configure:13586: checking for inttypes.h
configure:13586: result: yes
configure:13697: checking pcre.h usability
configure:13697: gcc -c -D_REENTRANT -g -O2 -Wall -D_FILE_OFFSET_BITS=64  conftest.c >&5
configure:13697: $? = 0
configure:13697: result: yes
configure:13697: checking pcre.h presence
configure:13697: gcc -E  conftest.c
configure:13697: $? = 0
configure:13697: result: yes
configure:13697: checking for pcre.h
configure:13697: result: yes
configure:13702: checking for pcre_exec in -lpcre
configure:13727: gcc -o conftest -D_REENTRANT -g -O2 -Wall -D_FILE_OFFSET_BITS=64   conftest.c -lpcre   >&5
configure:13727: $? = 0
configure:13736: result: yes
configure:13760: checking regex.h usability
configure:13760: gcc -c -D_REENTRANT -g -O2 -Wall -D_FILE_OFFSET_BITS=64  conftest.c >&5
configure:13760: $? = 0
configure:13760: result: yes
configure:13760: checking regex.h presence
configure:13760: gcc -E  conftest.c
configure:13760: $? = 0
configure:13760: result: yes
configure:13760: checking for regex.h
configure:13760: result: yes
configure:13784: checking for an ANSI C-conforming const
configure:13850: gcc -c -D_REENTRANT -g -O2 -Wall -D_FILE_OFFSET_BITS=64  conftest.c >&5
configure:13850: $? = 0
configure:13857: result: yes
configure:13866: checking for size_t
configure:13866: gcc -c -D_REENTRANT -g -O2 -Wall -D_FILE_OFFSET_BITS=64  conftest.c >&5
configure:13866: $? = 0
configure:13866: gcc -c -D_REENTRANT -g -O2 -Wall -D_FILE_OFFSET_BITS=64  conftest.c >&5
conftest.c: In function 'main':
conftest.c:81: error: expected expression before ')' token
configure:13866: $? = 1
configure: failed program was:
| /* confdefs.h */
| #define PACKAGE_NAME "c_icap"
| #define PACKAGE_TARNAME "c_icap"
| #define PACKAGE_VERSION "0.4.3"
| #define PACKAGE_STRING "c_icap 0.4.3"
| #define PACKAGE_BUGREPORT ""
| #define PACKAGE_URL ""
| #define PACKAGE "c_icap"
| #define VERSION "0.4.3"
| #define STDC_HEADERS 1
| #define HAVE_SYS_TYPES_H 1
| #define HAVE_SYS_STAT_H 1
| #define HAVE_STDLIB_H 1
| #define HAVE_STRING_H 1
| #define HAVE_MEMORY_H 1
| #define HAVE_STRINGS_H 1
| #define HAVE_INTTYPES_H 1
| #define HAVE_STDINT_H 1
| #define HAVE_UNISTD_H 1
| #define HAVE_DLFCN_H 1
| #define LT_OBJDIR ".libs/"
| #define __EXTENSIONS__ 1
| #define _ALL_SOURCE 1
| #define _GNU_SOURCE 1
| #define _POSIX_PTHREAD_SEMANTICS 1
| #define _TANDEM_SOURCE 1
| #define HAVE_VISIBILITY_ATTRIBUTE 1
| #define HAVE_ZLIB 1
| #define HAVE_BZLIB 1
| #define HAVE_BDB 1
| #define STDC_HEADERS 1
| #define HAVE_STRINGS_H 1
| #define HAVE_UNISTD_H 1
| #define HAVE_SYS_STAT_H 1
| #define HAVE_LIMITS_H 1
| #define HAVE_SYS_TYPES_H 1
| #define HAVE_SYS_TYPES_H 1
| #define HAVE_INTTYPES_H 1
| #define HAVE_INTTYPES_H 1
| #define HAVE_PCRE_H 1
| #define HAVE_PCRE 1
| #define HAVE_REGEX_H 1
| #define HAVE_REGEX 1
| /* end confdefs.h.  */
| #include <stdio.h>
| #ifdef HAVE_SYS_TYPES_H
| # include <sys/types.h>
| #endif
| #ifdef HAVE_SYS_STAT_H
| # include <sys/stat.h>
| #endif
| #ifdef STDC_HEADERS
| # include <stdlib.h>
| # include <stddef.h>
| #else
| # ifdef HAVE_STDLIB_H
| #  include <stdlib.h>
| # endif
| #endif
| #ifdef HAVE_STRING_H
| # if !defined STDC_HEADERS && defined HAVE_MEMORY_H
| #  include <memory.h>
| # endif
| # include <string.h>
| #endif
| #ifdef HAVE_STRINGS_H
| # include <strings.h>
| #endif
| #ifdef HAVE_INTTYPES_H
| # include <inttypes.h>
| #endif
| #ifdef HAVE_STDINT_H
| # include <stdint.h>
| #endif
| #ifdef HAVE_UNISTD_H
| # include <unistd.h>
| #endif
| int
| main ()
| {
| if (sizeof ((size_t)))
| 	    return 0;
|   ;
|   return 0;
| }
configure:13866: result: yes
configure:13876: checking for off_t
configure:13876: gcc -c -D_REENTRANT -g -O2 -Wall -D_FILE_OFFSET_BITS=64  conftest.c >&5
configure:13876: $? = 0
configure:13876: gcc -c -D_REENTRANT -g -O2 -Wall -D_FILE_OFFSET_BITS=64  conftest.c >&5
conftest.c: In function 'main':
conftest.c:81: error: expected expression before ')' token
configure:13876: $? = 1
configure: failed program was:
| /* confdefs.h */
| #define PACKAGE_NAME "c_icap"
| #define PACKAGE_TARNAME "c_icap"
| #define PACKAGE_VERSION "0.4.3"
| #define PACKAGE_STRING "c_icap 0.4.3"
| #define PACKAGE_BUGREPORT ""
| #define PACKAGE_URL ""
| #define PACKAGE "c_icap"
| #define VERSION "0.4.3"
| #define STDC_HEADERS 1
| #define HAVE_SYS_TYPES_H 1
| #define HAVE_SYS_STAT_H 1
| #define HAVE_STDLIB_H 1
| #define HAVE_STRING_H 1
| #define HAVE_MEMORY_H 1
| #define HAVE_STRINGS_H 1
| #define HAVE_INTTYPES_H 1
| #define HAVE_STDINT_H 1
| #define HAVE_UNISTD_H 1
| #define HAVE_DLFCN_H 1
| #define LT_OBJDIR ".libs/"
| #define __EXTENSIONS__ 1
| #define _ALL_SOURCE 1
| #define _GNU_SOURCE 1
| #define _POSIX_PTHREAD_SEMANTICS 1
| #define _TANDEM_SOURCE 1
| #define HAVE_VISIBILITY_ATTRIBUTE 1
| #define HAVE_ZLIB 1
| #define HAVE_BZLIB 1
| #define HAVE_BDB 1
| #define STDC_HEADERS 1
| #define HAVE_STRINGS_H 1
| #define HAVE_UNISTD_H 1
| #define HAVE_SYS_STAT_H 1
| #define HAVE_LIMITS_H 1
| #define HAVE_SYS_TYPES_H 1
| #define HAVE_SYS_TYPES_H 1
| #define HAVE_INTTYPES_H 1
| #define HAVE_INTTYPES_H 1
| #define HAVE_PCRE_H 1
| #define HAVE_PCRE 1
| #define HAVE_REGEX_H 1
| #define HAVE_REGEX 1
| /* end confdefs.h.  */
| #include <stdio.h>
| #ifdef HAVE_SYS_TYPES_H
| # include <sys/types.h>
| #endif
| #ifdef HAVE_SYS_STAT_H
| # include <sys/stat.h>
| #endif
| #ifdef STDC_HEADERS
| # include <stdlib.h>
| # include <stddef.h>
| #else
| # ifdef HAVE_STDLIB_H
| #  include <stdlib.h>
| # endif
| #endif
| #ifdef HAVE_STRING_H
| # if !defined STDC_HEADERS && defined HAVE_MEMORY_H
| #  include <memory.h>
| # endif
| # include <string.h>
| #endif
| #ifdef HAVE_STRINGS_H
| # include <strings.h>
| #endif
| #ifdef HAVE_INTTYPES_H
| # include <inttypes.h>
| #endif
| #ifdef HAVE_STDINT_H
| # include <stdint.h>
| #endif
| #ifdef HAVE_UNISTD_H
| # include <unistd.h>
| #endif
| int
| main ()
| {
| if (sizeof ((off_t)))
| 	    return 0;
|   ;
|   return 0;
| }
configure:13876: result: yes
configure:13889: checking size of off_t
configure:13894: gcc -o conftest -D_REENTRANT -g -O2 -Wall -D_FILE_OFFSET_BITS=64   conftest.c  >&5
configure:13894: $? = 0
configure:13894: ./conftest
configure:13894: $? = 0
configure:13908: result: 8
configure:13925: checking size of void *
configure:13930: gcc -o conftest -D_REENTRANT -g -O2 -Wall -D_FILE_OFFSET_BITS=64   conftest.c  >&5
configure:13930: $? = 0
configure:13930: ./conftest
configure:13930: $? = 0
configure:13944: result: 8
configure:13958: checking for uint8_t
configure:13958: gcc -c -D_REENTRANT -g -O2 -Wall -D_FILE_OFFSET_BITS=64  conftest.c >&5
configure:13958: $? = 0
configure:13958: gcc -c -D_REENTRANT -g -O2 -Wall -D_FILE_OFFSET_BITS=64  conftest.c >&5
conftest.c: In function 'main':
conftest.c:83: error: expected expression before ')' token
configure:13958: $? = 1
configure: failed program was:
| /* confdefs.h */
| #define PACKAGE_NAME "c_icap"
| #define PACKAGE_TARNAME "c_icap"
| #define PACKAGE_VERSION "0.4.3"
| #define PACKAGE_STRING "c_icap 0.4.3"
| #define PACKAGE_BUGREPORT ""
| #define PACKAGE_URL ""
| #define PACKAGE "c_icap"
| #define VERSION "0.4.3"
| #define STDC_HEADERS 1
| #define HAVE_SYS_TYPES_H 1
| #define HAVE_SYS_STAT_H 1
| #define HAVE_STDLIB_H 1
| #define HAVE_STRING_H 1
| #define HAVE_MEMORY_H 1
| #define HAVE_STRINGS_H 1
| #define HAVE_INTTYPES_H 1
| #define HAVE_STDINT_H 1
| #define HAVE_UNISTD_H 1
| #define HAVE_DLFCN_H 1
| #define LT_OBJDIR ".libs/"
| #define __EXTENSIONS__ 1
| #define _ALL_SOURCE 1
| #define _GNU_SOURCE 1
| #define _POSIX_PTHREAD_SEMANTICS 1
| #define _TANDEM_SOURCE 1
| #define HAVE_VISIBILITY_ATTRIBUTE 1
| #define HAVE_ZLIB 1
| #define HAVE_BZLIB 1
| #define HAVE_BDB 1
| #define STDC_HEADERS 1
| #define HAVE_STRINGS_H 1
| #define HAVE_UNISTD_H 1
| #define HAVE_SYS_STAT_H 1
| #define HAVE_LIMITS_H 1
| #define HAVE_SYS_TYPES_H 1
| #define HAVE_SYS_TYPES_H 1
| #define HAVE_INTTYPES_H 1
| #define HAVE_INTTYPES_H 1
| #define HAVE_PCRE_H 1
| #define HAVE_PCRE 1
| #define HAVE_REGEX_H 1
| #define HAVE_REGEX 1
| #define SIZEOF_OFF_T 8
| #define SIZEOF_VOID_P 8
| /* end confdefs.h.  */
| #include <stdio.h>
| #ifdef HAVE_SYS_TYPES_H
| # include <sys/types.h>
| #endif
| #ifdef HAVE_SYS_STAT_H
| # include <sys/stat.h>
| #endif
| #ifdef STDC_HEADERS
| # include <stdlib.h>
| # include <stddef.h>
| #else
| # ifdef HAVE_STDLIB_H
| #  include <stdlib.h>
| # endif
| #endif
| #ifdef HAVE_STRING_H
| # if !defined STDC_HEADERS && defined HAVE_MEMORY_H
| #  include <memory.h>
| # endif
| # include <string.h>
| #endif
| #ifdef HAVE_STRINGS_H
| # include <strings.h>
| #endif
| #ifdef HAVE_INTTYPES_H
| # include <inttypes.h>
| #endif
| #ifdef HAVE_STDINT_H
| # include <stdint.h>
| #endif
| #ifdef HAVE_UNISTD_H
| # include <unistd.h>
| #endif
| int
| main ()
| {
| if (sizeof ((uint8_t)))
| 	    return 0;
|   ;
|   return 0;
| }
configure:13958: result: yes
configure:13968: checking for int8_t
configure:13968: gcc -c -D_REENTRANT -g -O2 -Wall -D_FILE_OFFSET_BITS=64  conftest.c >&5
configure:13968: $? = 0
configure:13968: gcc -c -D_REENTRANT -g -O2 -Wall -D_FILE_OFFSET_BITS=64  conftest.c >&5
conftest.c: In function 'main':
conftest.c:83: error: expected expression before ')' token
configure:13968: $? = 1
configure: failed program was:
| /* confdefs.h */
| #define PACKAGE_NAME "c_icap"
| #define PACKAGE_TARNAME "c_icap"
| #define PACKAGE_VERSION "0.4.3"
| #define PACKAGE_STRING "c_icap 0.4.3"
| #define PACKAGE_BUGREPORT ""
| #define PACKAGE_URL ""
| #define PACKAGE "c_icap"
| #define VERSION "0.4.3"
| #define STDC_HEADERS 1
| #define HAVE_SYS_TYPES_H 1
| #define HAVE_SYS_STAT_H 1
| #define HAVE_STDLIB_H 1
| #define HAVE_STRING_H 1
| #define HAVE_MEMORY_H 1
| #define HAVE_STRINGS_H 1
| #define HAVE_INTTYPES_H 1
| #define HAVE_STDINT_H 1
| #define HAVE_UNISTD_H 1
| #define HAVE_DLFCN_H 1
| #define LT_OBJDIR ".libs/"
| #define __EXTENSIONS__ 1
| #define _ALL_SOURCE 1
| #define _GNU_SOURCE 1
| #define _POSIX_PTHREAD_SEMANTICS 1
| #define _TANDEM_SOURCE 1
| #define HAVE_VISIBILITY_ATTRIBUTE 1
| #define HAVE_ZLIB 1
| #define HAVE_BZLIB 1
| #define HAVE_BDB 1
| #define STDC_HEADERS 1
| #define HAVE_STRINGS_H 1
| #define HAVE_UNISTD_H 1
| #define HAVE_SYS_STAT_H 1
| #define HAVE_LIMITS_H 1
| #define HAVE_SYS_TYPES_H 1
| #define HAVE_SYS_TYPES_H 1
| #define HAVE_INTTYPES_H 1
| #define HAVE_INTTYPES_H 1
| #define HAVE_PCRE_H 1
| #define HAVE_PCRE 1
| #define HAVE_REGEX_H 1
| #define HAVE_REGEX 1
| #define SIZEOF_OFF_T 8
| #define SIZEOF_VOID_P 8
| /* end confdefs.h.  */
| #include <stdio.h>
| #ifdef HAVE_SYS_TYPES_H
| # include <sys/types.h>
| #endif
| #ifdef HAVE_SYS_STAT_H
| # include <sys/stat.h>
| #endif
| #ifdef STDC_HEADERS
| # include <stdlib.h>
| # include <stddef.h>
| #else
| # ifdef HAVE_STDLIB_H
| #  include <stdlib.h>
| # endif
| #endif
| #ifdef HAVE_STRING_H
| # if !defined STDC_HEADERS && defined HAVE_MEMORY_H
| #  include <memory.h>
| # endif
| # include <string.h>
| #endif
| #ifdef HAVE_STRINGS_H
| # include <strings.h>
| #endif
| #ifdef HAVE_INTTYPES_H
| # include <inttypes.h>
| #endif
| #ifdef HAVE_STDINT_H
| # include <stdint.h>
| #endif
| #ifdef HAVE_UNISTD_H
| # include <unistd.h>
| #endif
| int
| main ()
| {
| if (sizeof ((int8_t)))
| 	    return 0;
|   ;
|   return 0;
| }
configure:13968: result: yes
configure:13978: checking for uint64_t
configure:13978: gcc -c -D_REENTRANT -g -O2 -Wall -D_FILE_OFFSET_BITS=64  conftest.c >&5
configure:13978: $? = 0
configure:13978: gcc -c -D_REENTRANT -g -O2 -Wall -D_FILE_OFFSET_BITS=64  conftest.c >&5
conftest.c: In function 'main':
conftest.c:83: error: expected expression before ')' token
configure:13978: $? = 1
configure: failed program was:
| /* confdefs.h */
| #define PACKAGE_NAME "c_icap"
| #define PACKAGE_TARNAME "c_icap"
| #define PACKAGE_VERSION "0.4.3"
| #define PACKAGE_STRING "c_icap 0.4.3"
| #define PACKAGE_BUGREPORT ""
| #define PACKAGE_URL ""
| #define PACKAGE "c_icap"
| #define VERSION "0.4.3"
| #define STDC_HEADERS 1
| #define HAVE_SYS_TYPES_H 1
| #define HAVE_SYS_STAT_H 1
| #define HAVE_STDLIB_H 1
| #define HAVE_STRING_H 1
| #define HAVE_MEMORY_H 1
| #define HAVE_STRINGS_H 1
| #define HAVE_INTTYPES_H 1
| #define HAVE_STDINT_H 1
| #define HAVE_UNISTD_H 1
| #define HAVE_DLFCN_H 1
| #define LT_OBJDIR ".libs/"
| #define __EXTENSIONS__ 1
| #define _ALL_SOURCE 1
| #define _GNU_SOURCE 1
| #define _POSIX_PTHREAD_SEMANTICS 1
| #define _TANDEM_SOURCE 1
| #define HAVE_VISIBILITY_ATTRIBUTE 1
| #define HAVE_ZLIB 1
| #define HAVE_BZLIB 1
| #define HAVE_BDB 1
| #define STDC_HEADERS 1
| #define HAVE_STRINGS_H 1
| #define HAVE_UNISTD_H 1
| #define HAVE_SYS_STAT_H 1
| #define HAVE_LIMITS_H 1
| #define HAVE_SYS_TYPES_H 1
| #define HAVE_SYS_TYPES_H 1
| #define HAVE_INTTYPES_H 1
| #define HAVE_INTTYPES_H 1
| #define HAVE_PCRE_H 1
| #define HAVE_PCRE 1
| #define HAVE_REGEX_H 1
| #define HAVE_REGEX 1
| #define SIZEOF_OFF_T 8
| #define SIZEOF_VOID_P 8
| /* end confdefs.h.  */
| #include <stdio.h>
| #ifdef HAVE_SYS_TYPES_H
| # include <sys/types.h>
| #endif
| #ifdef HAVE_SYS_STAT_H
| # include <sys/stat.h>
| #endif
| #ifdef STDC_HEADERS
| # include <stdlib.h>
| # include <stddef.h>
| #else
| # ifdef HAVE_STDLIB_H
| #  include <stdlib.h>
| # endif
| #endif
| #ifdef HAVE_STRING_H
| # if !defined STDC_HEADERS && defined HAVE_MEMORY_H
| #  include <memory.h>
| # endif
| # include <string.h>
| #endif
| #ifdef HAVE_STRINGS_H
| # include <strings.h>
| #endif
| #ifdef HAVE_INTTYPES_H
| # include <inttypes.h>
| #endif
| #ifdef HAVE_STDINT_H
| # include <stdint.h>
| #endif
| #ifdef HAVE_UNISTD_H
| # include <unistd.h>
| #endif
| int
| main ()
| {
| if (sizeof ((uint64_t)))
| 	    return 0;
|   ;
|   return 0;
| }
configure:13978: result: yes
configure:13988: checking for int64_t
configure:13988: gcc -c -D_REENTRANT -g -O2 -Wall -D_FILE_OFFSET_BITS=64  conftest.c >&5
configure:13988: $? = 0
configure:13988: gcc -c -D_REENTRANT -g -O2 -Wall -D_FILE_OFFSET_BITS=64  conftest.c >&5
conftest.c: In function 'main':
conftest.c:83: error: expected expression before ')' token
configure:13988: $? = 1
configure: failed program was:
| /* confdefs.h */
| #define PACKAGE_NAME "c_icap"
| #define PACKAGE_TARNAME "c_icap"
| #define PACKAGE_VERSION "0.4.3"
| #define PACKAGE_STRING "c_icap 0.4.3"
| #define PACKAGE_BUGREPORT ""
| #define PACKAGE_URL ""
| #define PACKAGE "c_icap"
| #define VERSION "0.4.3"
| #define STDC_HEADERS 1
| #define HAVE_SYS_TYPES_H 1
| #define HAVE_SYS_STAT_H 1
| #define HAVE_STDLIB_H 1
| #define HAVE_STRING_H 1
| #define HAVE_MEMORY_H 1
| #define HAVE_STRINGS_H 1
| #define HAVE_INTTYPES_H 1
| #define HAVE_STDINT_H 1
| #define HAVE_UNISTD_H 1
| #define HAVE_DLFCN_H 1
| #define LT_OBJDIR ".libs/"
| #define __EXTENSIONS__ 1
| #define _ALL_SOURCE 1
| #define _GNU_SOURCE 1
| #define _POSIX_PTHREAD_SEMANTICS 1
| #define _TANDEM_SOURCE 1
| #define HAVE_VISIBILITY_ATTRIBUTE 1
| #define HAVE_ZLIB 1
| #define HAVE_BZLIB 1
| #define HAVE_BDB 1
| #define STDC_HEADERS 1
| #define HAVE_STRINGS_H 1
| #define HAVE_UNISTD_H 1
| #define HAVE_SYS_STAT_H 1
| #define HAVE_LIMITS_H 1
| #define HAVE_SYS_TYPES_H 1
| #define HAVE_SYS_TYPES_H 1
| #define HAVE_INTTYPES_H 1
| #define HAVE_INTTYPES_H 1
| #define HAVE_PCRE_H 1
| #define HAVE_PCRE 1
| #define HAVE_REGEX_H 1
| #define HAVE_REGEX 1
| #define SIZEOF_OFF_T 8
| #define SIZEOF_VOID_P 8
| /* end confdefs.h.  */
| #include <stdio.h>
| #ifdef HAVE_SYS_TYPES_H
| # include <sys/types.h>
| #endif
| #ifdef HAVE_SYS_STAT_H
| # include <sys/stat.h>
| #endif
| #ifdef STDC_HEADERS
| # include <stdlib.h>
| # include <stddef.h>
| #else
| # ifdef HAVE_STDLIB_H
| #  include <stdlib.h>
| # endif
| #endif
| #ifdef HAVE_STRING_H
| # if !defined STDC_HEADERS && defined HAVE_MEMORY_H
| #  include <memory.h>
| # endif
| # include <string.h>
| #endif
| #ifdef HAVE_STRINGS_H
| # include <strings.h>
| #endif
| #ifdef HAVE_INTTYPES_H
| # include <inttypes.h>
| #endif
| #ifdef HAVE_STDINT_H
| # include <stdint.h>
| #endif
| #ifdef HAVE_UNISTD_H
| # include <unistd.h>
| #endif
| int
| main ()
| {
| if (sizeof ((int64_t)))
| 	    return 0;
|   ;
|   return 0;
| }
configure:13988: result: yes
configure:14002: checking size of short
configure:14007: gcc -o conftest -D_REENTRANT -g -O2 -Wall -D_FILE_OFFSET_BITS=64   conftest.c  >&5
configure:14007: $? = 0
configure:14007: ./conftest
configure:14007: $? = 0
configure:14021: result: 2
configure:14036: checking size of int
configure:14041: gcc -o conftest -D_REENTRANT -g -O2 -Wall -D_FILE_OFFSET_BITS=64   conftest.c  >&5
configure:14041: $? = 0
configure:14041: ./conftest
configure:14041: $? = 0
configure:14055: result: 4
configure:14070: checking size of long
configure:14075: gcc -o conftest -D_REENTRANT -g -O2 -Wall -D_FILE_OFFSET_BITS=64   conftest.c  >&5
configure:14075: $? = 0
configure:14075: ./conftest
configure:14075: $? = 0
configure:14089: result: 8
configure:14104: checking size of long long
configure:14109: gcc -o conftest -D_REENTRANT -g -O2 -Wall -D_FILE_OFFSET_BITS=64   conftest.c  >&5
configure:14109: $? = 0
configure:14109: ./conftest
configure:14109: $? = 0
configure:14123: result: 8
configure:14146: checking for nanosleep
configure:14146: gcc -o conftest -D_REENTRANT -g -O2 -Wall -D_FILE_OFFSET_BITS=64   conftest.c   -lpthread >&5
configure:14146: $? = 0
configure:14146: result: yes
configure:14161: checking for inet_aton
configure:14161: gcc -o conftest -D_REENTRANT -g -O2 -Wall -D_FILE_OFFSET_BITS=64   conftest.c   -lpthread >&5
configure:14161: $? = 0
configure:14161: result: yes
configure:14176: checking for strnstr
configure:14176: gcc -o conftest -D_REENTRANT -g -O2 -Wall -D_FILE_OFFSET_BITS=64   conftest.c   -lpthread >&5
/tmp/cc5pkBWs.o: In function `main':
/root/c_icap-0.4.3/conftest.c:89: undefined reference to `strnstr'
collect2: ld returned 1 exit status
configure:14176: $? = 1
configure: failed program was:
| /* confdefs.h */
| #define PACKAGE_NAME "c_icap"
| #define PACKAGE_TARNAME "c_icap"
| #define PACKAGE_VERSION "0.4.3"
| #define PACKAGE_STRING "c_icap 0.4.3"
| #define PACKAGE_BUGREPORT ""
| #define PACKAGE_URL ""
| #define PACKAGE "c_icap"
| #define VERSION "0.4.3"
| #define STDC_HEADERS 1
| #define HAVE_SYS_TYPES_H 1
| #define HAVE_SYS_STAT_H 1
| #define HAVE_STDLIB_H 1
| #define HAVE_STRING_H 1
| #define HAVE_MEMORY_H 1
| #define HAVE_STRINGS_H 1
| #define HAVE_INTTYPES_H 1
| #define HAVE_STDINT_H 1
| #define HAVE_UNISTD_H 1
| #define HAVE_DLFCN_H 1
| #define LT_OBJDIR ".libs/"
| #define __EXTENSIONS__ 1
| #define _ALL_SOURCE 1
| #define _GNU_SOURCE 1
| #define _POSIX_PTHREAD_SEMANTICS 1
| #define _TANDEM_SOURCE 1
| #define HAVE_VISIBILITY_ATTRIBUTE 1
| #define HAVE_ZLIB 1
| #define HAVE_BZLIB 1
| #define HAVE_BDB 1
| #define STDC_HEADERS 1
| #define HAVE_STRINGS_H 1
| #define HAVE_UNISTD_H 1
| #define HAVE_SYS_STAT_H 1
| #define HAVE_LIMITS_H 1
| #define HAVE_SYS_TYPES_H 1
| #define HAVE_SYS_TYPES_H 1
| #define HAVE_INTTYPES_H 1
| #define HAVE_INTTYPES_H 1
| #define HAVE_PCRE_H 1
| #define HAVE_PCRE 1
| #define HAVE_REGEX_H 1
| #define HAVE_REGEX 1
| #define SIZEOF_OFF_T 8
| #define SIZEOF_VOID_P 8
| #define SIZEOF_SHORT 2
| #define SIZEOF_INT 4
| #define SIZEOF_LONG 8
| #define SIZEOF_LONG_LONG 8
| #define HAVE_NANOSLEEP 1
| #define HAVE_NANOSLEEP 1
| #define HAVE_INET_ATON 1
| #define HAVE_INET_ATON 1
| /* end confdefs.h.  */
| /* Define strnstr to an innocuous variant, in case <limits.h> declares strnstr.
|    For example, HP-UX 11i <limits.h> declares gettimeofday.  */
| #define strnstr innocuous_strnstr
| 
| /* System header to define __stub macros and hopefully few prototypes,
|     which can conflict with char strnstr (); below.
|     Prefer <limits.h> to <assert.h> if __STDC__ is defined, since
|     <limits.h> exists even on freestanding compilers.  */
| 
| #ifdef __STDC__
| # include <limits.h>
| #else
| # include <assert.h>
| #endif
| 
| #undef strnstr
| 
| /* Override any GCC internal prototype to avoid an error.
|    Use char because int might match the return type of a GCC
|    builtin and then its argument prototype would still apply.  */
| #ifdef __cplusplus
| extern "C"
| #endif
| char strnstr ();
| /* The GNU C library defines this for functions which it implements
|     to always fail with ENOSYS.  Some functions are actually named
|     something starting with __ and the normal name is an alias.  */
| #if defined __stub_strnstr || defined __stub___strnstr
| choke me
| #endif
| 
| int
| main ()
| {
| return strnstr ();
|   ;
|   return 0;
| }
configure:14176: result: no
configure:14191: checking for strcasestr
configure:14191: gcc -o conftest -D_REENTRANT -g -O2 -Wall -D_FILE_OFFSET_BITS=64   conftest.c   -lpthread >&5
configure:14191: $? = 0
configure:14191: result: yes
configure:14206: checking for strncasestr
configure:14206: gcc -o conftest -D_REENTRANT -g -O2 -Wall -D_FILE_OFFSET_BITS=64   conftest.c   -lpthread >&5
/tmp/cctXF9Ty.o: In function `main':
/root/c_icap-0.4.3/conftest.c:91: undefined reference to `strncasestr'
collect2: ld returned 1 exit status
configure:14206: $? = 1
configure: failed program was:
| /* confdefs.h */
| #define PACKAGE_NAME "c_icap"
| #define PACKAGE_TARNAME "c_icap"
| #define PACKAGE_VERSION "0.4.3"
| #define PACKAGE_STRING "c_icap 0.4.3"
| #define PACKAGE_BUGREPORT ""
| #define PACKAGE_URL ""
| #define PACKAGE "c_icap"
| #define VERSION "0.4.3"
| #define STDC_HEADERS 1
| #define HAVE_SYS_TYPES_H 1
| #define HAVE_SYS_STAT_H 1
| #define HAVE_STDLIB_H 1
| #define HAVE_STRING_H 1
| #define HAVE_MEMORY_H 1
| #define HAVE_STRINGS_H 1
| #define HAVE_INTTYPES_H 1
| #define HAVE_STDINT_H 1
| #define HAVE_UNISTD_H 1
| #define HAVE_DLFCN_H 1
| #define LT_OBJDIR ".libs/"
| #define __EXTENSIONS__ 1
| #define _ALL_SOURCE 1
| #define _GNU_SOURCE 1
| #define _POSIX_PTHREAD_SEMANTICS 1
| #define _TANDEM_SOURCE 1
| #define HAVE_VISIBILITY_ATTRIBUTE 1
| #define HAVE_ZLIB 1
| #define HAVE_BZLIB 1
| #define HAVE_BDB 1
| #define STDC_HEADERS 1
| #define HAVE_STRINGS_H 1
| #define HAVE_UNISTD_H 1
| #define HAVE_SYS_STAT_H 1
| #define HAVE_LIMITS_H 1
| #define HAVE_SYS_TYPES_H 1
| #define HAVE_SYS_TYPES_H 1
| #define HAVE_INTTYPES_H 1
| #define HAVE_INTTYPES_H 1
| #define HAVE_PCRE_H 1
| #define HAVE_PCRE 1
| #define HAVE_REGEX_H 1
| #define HAVE_REGEX 1
| #define SIZEOF_OFF_T 8
| #define SIZEOF_VOID_P 8
| #define SIZEOF_SHORT 2
| #define SIZEOF_INT 4
| #define SIZEOF_LONG 8
| #define SIZEOF_LONG_LONG 8
| #define HAVE_NANOSLEEP 1
| #define HAVE_NANOSLEEP 1
| #define HAVE_INET_ATON 1
| #define HAVE_INET_ATON 1
| #define HAVE_STRCASESTR 1
| #define HAVE_STRCASESTR 1
| /* end confdefs.h.  */
| /* Define strncasestr to an innocuous variant, in case <limits.h> declares strncasestr.
|    For example, HP-UX 11i <limits.h> declares gettimeofday.  */
| #define strncasestr innocuous_strncasestr
| 
| /* System header to define __stub macros and hopefully few prototypes,
|     which can conflict with char strncasestr (); below.
|     Prefer <limits.h> to <assert.h> if __STDC__ is defined, since
|     <limits.h> exists even on freestanding compilers.  */
| 
| #ifdef __STDC__
| # include <limits.h>
| #else
| # include <assert.h>
| #endif
| 
| #undef strncasestr
| 
| /* Override any GCC internal prototype to avoid an error.
|    Use char because int might match the return type of a GCC
|    builtin and then its argument prototype would still apply.  */
| #ifdef __cplusplus
| extern "C"
| #endif
| char strncasestr ();
| /* The GNU C library defines this for functions which it implements
|     to always fail with ENOSYS.  Some functions are actually named
|     something starting with __ and the normal name is an alias.  */
| #if defined __stub_strncasestr || defined __stub___strncasestr
| choke me
| #endif
| 
| int
| main ()
| {
| return strncasestr ();
|   ;
|   return 0;
| }
configure:14206: result: no
configure:14219: checking whether strerror_r is declared
configure:14219: gcc -c -D_REENTRANT -g -O2 -Wall -D_FILE_OFFSET_BITS=64  conftest.c >&5
configure:14219: $? = 0
configure:14219: result: yes
configure:14232: checking for strerror_r
configure:14232: gcc -o conftest -D_REENTRANT -g -O2 -Wall -D_FILE_OFFSET_BITS=64   conftest.c   -lpthread >&5
configure:14232: $? = 0
configure:14232: result: yes
configure:14241: checking whether strerror_r returns char *
configure:14265: gcc -c -D_REENTRANT -g -O2 -Wall -D_FILE_OFFSET_BITS=64  conftest.c >&5
configure:14265: $? = 0
configure:14303: result: yes
configure:14316: checking poll.h usability
configure:14316: gcc -c -D_REENTRANT -g -O2 -Wall -D_FILE_OFFSET_BITS=64  conftest.c >&5
configure:14316: $? = 0
configure:14316: result: yes
configure:14316: checking poll.h presence
configure:14316: gcc -E  conftest.c
configure:14316: $? = 0
configure:14316: result: yes
configure:14316: checking for poll.h
configure:14316: result: yes
configure:14323: checking for poll
configure:14323: gcc -o conftest -D_REENTRANT -g -O2 -Wall -D_FILE_OFFSET_BITS=64   conftest.c   -lpthread >&5
configure:14323: $? = 0
configure:14323: result: yes
configure:14348: checking sys/ipc.h usability
configure:14348: gcc -c -D_REENTRANT -g -O2 -Wall -D_FILE_OFFSET_BITS=64  conftest.c >&5
configure:14348: $? = 0
configure:14348: result: yes
configure:14348: checking sys/ipc.h presence
configure:14348: gcc -E  conftest.c
configure:14348: $? = 0
configure:14348: result: yes
configure:14348: checking for sys/ipc.h
configure:14348: result: yes
configure:14369: checking for mmap
configure:14369: gcc -o conftest -D_REENTRANT -g -O2 -Wall -D_FILE_OFFSET_BITS=64   conftest.c   -lpthread >&5
configure:14369: $? = 0
configure:14369: result: yes
configure:14369: checking for munmap
configure:14369: gcc -o conftest -D_REENTRANT -g -O2 -Wall -D_FILE_OFFSET_BITS=64   conftest.c   -lpthread >&5
configure:14369: $? = 0
configure:14369: result: yes
configure:14385: checking if union semun defined
configure:14402: gcc -c -D_REENTRANT -g -O2 -Wall -D_FILE_OFFSET_BITS=64  conftest.c >&5
conftest.c: In function 'main':
conftest.c:76: error: storage size of 'a_semun' isn't known
conftest.c:76: warning: unused variable 'a_semun'
configure:14402: $? = 1
configure: failed program was:
| /* confdefs.h */
| #define PACKAGE_NAME "c_icap"
| #define PACKAGE_TARNAME "c_icap"
| #define PACKAGE_VERSION "0.4.3"
| #define PACKAGE_STRING "c_icap 0.4.3"
| #define PACKAGE_BUGREPORT ""
| #define PACKAGE_URL ""
| #define PACKAGE "c_icap"
| #define VERSION "0.4.3"
| #define STDC_HEADERS 1
| #define HAVE_SYS_TYPES_H 1
| #define HAVE_SYS_STAT_H 1
| #define HAVE_STDLIB_H 1
| #define HAVE_STRING_H 1
| #define HAVE_MEMORY_H 1
| #define HAVE_STRINGS_H 1
| #define HAVE_INTTYPES_H 1
| #define HAVE_STDINT_H 1
| #define HAVE_UNISTD_H 1
| #define HAVE_DLFCN_H 1
| #define LT_OBJDIR ".libs/"
| #define __EXTENSIONS__ 1
| #define _ALL_SOURCE 1
| #define _GNU_SOURCE 1
| #define _POSIX_PTHREAD_SEMANTICS 1
| #define _TANDEM_SOURCE 1
| #define HAVE_VISIBILITY_ATTRIBUTE 1
| #define HAVE_ZLIB 1
| #define HAVE_BZLIB 1
| #define HAVE_BDB 1
| #define STDC_HEADERS 1
| #define HAVE_STRINGS_H 1
| #define HAVE_UNISTD_H 1
| #define HAVE_SYS_STAT_H 1
| #define HAVE_LIMITS_H 1
| #define HAVE_SYS_TYPES_H 1
| #define HAVE_SYS_TYPES_H 1
| #define HAVE_INTTYPES_H 1
| #define HAVE_INTTYPES_H 1
| #define HAVE_PCRE_H 1
| #define HAVE_PCRE 1
| #define HAVE_REGEX_H 1
| #define HAVE_REGEX 1
| #define SIZEOF_OFF_T 8
| #define SIZEOF_VOID_P 8
| #define SIZEOF_SHORT 2
| #define SIZEOF_INT 4
| #define SIZEOF_LONG 8
| #define SIZEOF_LONG_LONG 8
| #define HAVE_NANOSLEEP 1
| #define HAVE_NANOSLEEP 1
| #define HAVE_INET_ATON 1
| #define HAVE_INET_ATON 1
| #define HAVE_STRCASESTR 1
| #define HAVE_STRCASESTR 1
| #define HAVE_DECL_STRERROR_R 1
| #define HAVE_STRERROR_R 1
| #define STRERROR_R_CHAR_P 1
| #define HAVE_POLL_H 1
| #define HAVE_POLL 1
| #define HAVE_SYS_IPC_H 1
| #define HAVE_SYSV_IPC 1
| #define HAVE_MMAP 1
| #define HAVE_POSIX_MAPPED_FILES 1
| #define HAVE_MUNMAP 1
| #define HAVE_POSIX_MAPPED_FILES 1
| /* end confdefs.h.  */
| 
| #include <sys/types.h>
| #include <sys/ipc.h>
| #include <sys/sem.h>
| 
| int
| main ()
| {
| union semun a_semun;
|   ;
|   return 0;
| }
configure:14409: result: no
configure:14415: checking if posix 1003.1b interprocess semaphores works
configure:14453: gcc -o conftest -D_REENTRANT -g -O2 -Wall -D_FILE_OFFSET_BITS=64   conftest.c   -lpthread >&5
conftest.c: In function 'main':
conftest.c:79: warning: implicit declaration of function 'fork'
conftest.c:81: warning: implicit declaration of function 'exit'
conftest.c:81: warning: incompatible implicit declaration of built-in function 'exit'
conftest.c:83: warning: incompatible implicit declaration of built-in function 'exit'
conftest.c:87: warning: incompatible implicit declaration of built-in function 'exit'
conftest.c:90: warning: incompatible implicit declaration of built-in function 'exit'
configure:14453: $? = 0
configure:14453: ./conftest
configure:14453: $? = 0
configure:14465: result: yes
configure:14481: checking if fcntl file locking works
configure:14518: gcc -o conftest -D_REENTRANT -g -O2 -Wall -D_FILE_OFFSET_BITS=64   conftest.c   -lpthread >&5
configure:14518: $? = 0
configure:14518: ./conftest
configure:14518: $? = 0
configure:14530: result: yes
configure:14547: checking if posix shared mem works
configure:14569: gcc -c -D_REENTRANT -g -O2 -Wall -D_FILE_OFFSET_BITS=64  conftest.c >&5
configure:14569: $? = 0
configure:14573: result: yes
configure:14599: checking if have pthread_rwlock
configure:14612: gcc -c -D_REENTRANT -g -O2 -Wall -D_FILE_OFFSET_BITS=64  conftest.c >&5
conftest.c: In function 'main':
conftest.c:75: warning: unused variable 'lock'
configure:14612: $? = 0
configure:14617: result: yes
configure:14806: checking that generated files are newer than configure
configure:14812: result: done
configure:14860: creating ./config.status

## ---------------- ##
## Cache variables. ##
## ---------------- ##

ac_cv_10031b_ipc_sem=yes
ac_cv_build=x86_64-unknown-linux-gnu
ac_cv_c_bigendian=no
ac_cv_c_compiler_gnu=yes
ac_cv_c_const=yes
ac_cv_default_visibility_attribute=yes
ac_cv_env_CC_set=
ac_cv_env_CC_value=
ac_cv_env_CFLAGS_set=
ac_cv_env_CFLAGS_value=
ac_cv_env_CPPFLAGS_set=
ac_cv_env_CPPFLAGS_value=
ac_cv_env_CPP_set=
ac_cv_env_CPP_value=
ac_cv_env_LDFLAGS_set=
ac_cv_env_LDFLAGS_value=
ac_cv_env_LIBS_set=
ac_cv_env_LIBS_value=
ac_cv_env_build_alias_set=
ac_cv_env_build_alias_value=
ac_cv_env_host_alias_set=
ac_cv_env_host_alias_value=
ac_cv_env_target_alias_set=
ac_cv_env_target_alias_value=
ac_cv_fcntl=yes
ac_cv_func_dlopen=no
ac_cv_func_inet_aton=yes
ac_cv_func_mmap=yes
ac_cv_func_munmap=yes
ac_cv_func_nanosleep=yes
ac_cv_func_poll=yes
ac_cv_func_shl_load=no
ac_cv_func_strcasestr=yes
ac_cv_func_strerror_r=yes
ac_cv_func_strerror_r_char_p=yes
ac_cv_func_strncasestr=no
ac_cv_func_strnstr=no
ac_cv_have_decl_strerror_r=yes
ac_cv_header_dlfcn_h=yes
ac_cv_header_inttypes_h=yes
ac_cv_header_libmemcached_memcached_h=no
ac_cv_header_limits_h=yes
ac_cv_header_memory_h=yes
ac_cv_header_minix_config_h=no
ac_cv_header_pcre_h=yes
ac_cv_header_poll_h=yes
ac_cv_header_regex_h=yes
ac_cv_header_stdc=yes
ac_cv_header_stdint_h=yes
ac_cv_header_stdlib_h=yes
ac_cv_header_string_h=yes
ac_cv_header_strings_h=yes
ac_cv_header_sys_ipc_h=yes
ac_cv_header_sys_stat_h=yes
ac_cv_header_sys_types_h=yes
ac_cv_header_unistd_h=yes
ac_cv_host=x86_64-unknown-linux-gnu
ac_cv_lib_bz2_BZ2_bzDecompressInit=yes
ac_cv_lib_dl_dlopen=yes
ac_cv_lib_dld_shl_load=no
ac_cv_lib_ldap_ldap_search_ext_s=no
ac_cv_lib_pcre_pcre_exec=yes
ac_cv_lib_z_inflate=yes
ac_cv_objext=o
ac_cv_path_EGREP='/bin/grep -E'
ac_cv_path_FGREP='/bin/grep -F'
ac_cv_path_GREP=/bin/grep
ac_cv_path_SED=/bin/sed
ac_cv_path_install='/usr/bin/install -c'
ac_cv_path_mkdir=/bin/mkdir
ac_cv_prog_AWK=gawk
ac_cv_prog_CPP='gcc -E'
ac_cv_prog_ac_ct_AR=ar
ac_cv_prog_ac_ct_CC=gcc
ac_cv_prog_ac_ct_DLLTOOL=dlltool
ac_cv_prog_ac_ct_OBJDUMP=objdump
ac_cv_prog_ac_ct_RANLIB=ranlib
ac_cv_prog_ac_ct_STRIP=strip
ac_cv_prog_cc_c89=
ac_cv_prog_cc_g=yes
ac_cv_prog_has_doxygen=yes
ac_cv_prog_make_make_set=yes
ac_cv_safe_to_define___extensions__=yes
ac_cv_sizeof_int=4
ac_cv_sizeof_long=8
ac_cv_sizeof_long_long=8
ac_cv_sizeof_off_t=8
ac_cv_sizeof_short=2
ac_cv_sizeof_void_p=8
ac_cv_target=x86_64-unknown-linux-gnu
ac_cv_type_int64_t=yes
ac_cv_type_int8_t=yes
ac_cv_type_off_t=yes
ac_cv_type_size_t=yes
ac_cv_type_uint64_t=yes
ac_cv_type_uint8_t=yes
am_cv_CC_dependencies_compiler_type=gcc3
am_cv_make_support_nested_variables=yes
am_cv_prog_cc_c_o=yes
lt_cv_ar_at_file=@
lt_cv_archive_cmds_need_lc=no
lt_cv_deplibs_check_method=pass_all
lt_cv_dlopen=dlopen
lt_cv_dlopen_libs=-ldl
lt_cv_dlopen_self=yes
lt_cv_dlopen_self_static=no
lt_cv_file_magic_cmd='$MAGIC_CMD'
lt_cv_file_magic_test_file=
lt_cv_ld_reload_flag=-r
lt_cv_nm_interface='BSD nm'
lt_cv_objdir=.libs
lt_cv_path_LD=/usr/bin/ld
lt_cv_path_NM='/usr/bin/nm -B'
lt_cv_path_mainfest_tool=no
lt_cv_prog_compiler_c_o=yes
lt_cv_prog_compiler_pic='-fPIC -DPIC'
lt_cv_prog_compiler_pic_works=yes
lt_cv_prog_compiler_rtti_exceptions=no
lt_cv_prog_compiler_static_works=yes
lt_cv_prog_gnu_ld=yes
lt_cv_sharedlib_from_linklib_cmd='printf %s\n'
lt_cv_shlibpath_overrides_runpath=no
lt_cv_sys_global_symbol_pipe='sed -n -e '\''s/^.*[	 ]\([ABCDGIRSTW][ABCDGIRSTW]*\)[	 ][	 ]*\([_A-Za-z][_A-Za-z0-9]*\)$/\1 \2 \2/p'\'' | sed '\''/ __gnu_lto/d'\'''
lt_cv_sys_global_symbol_to_c_name_address='sed -n -e '\''s/^: \([^ ]*\)[ ]*$/  {\"\1\", (void *) 0},/p'\'' -e '\''s/^[ABCDGIRSTW]* \([^ ]*\) \([^ ]*\)$/  {"\2", (void *) \&\2},/p'\'''
lt_cv_sys_global_symbol_to_c_name_address_lib_prefix='sed -n -e '\''s/^: \([^ ]*\)[ ]*$/  {\"\1\", (void *) 0},/p'\'' -e '\''s/^[ABCDGIRSTW]* \([^ ]*\) \(lib[^ ]*\)$/  {"\2", (void *) \&\2},/p'\'' -e '\''s/^[ABCDGIRSTW]* \([^ ]*\) \([^ ]*\)$/  {"lib\2", (void *) \&\2},/p'\'''
lt_cv_sys_global_symbol_to_cdecl='sed -n -e '\''s/^T .* \(.*\)$/extern int \1();/p'\'' -e '\''s/^[ABCDGIRSTW]* .* \(.*\)$/extern char \1;/p'\'''
lt_cv_sys_max_cmd_len=1966080
lt_cv_to_host_file_cmd=func_convert_file_noop
lt_cv_to_tool_file_cmd=func_convert_file_noop

## ----------------- ##
## Output variables. ##
## ----------------- ##

ACLOCAL='${SHELL} /root/c_icap-0.4.3/missing aclocal-1.14'
AMDEPBACKSLASH='\'
AMDEP_FALSE='#'
AMDEP_TRUE=''
AMTAR='$${TAR-tar}'
AM_BACKSLASH='\'
AM_DEFAULT_V='$(AM_DEFAULT_VERBOSITY)'
AM_DEFAULT_VERBOSITY='1'
AM_V='$(V)'
AR='ar'
AS='as'
AUTOCONF='${SHELL} /root/c_icap-0.4.3/missing autoconf'
AUTOHEADER='${SHELL} /root/c_icap-0.4.3/missing autoheader'
AUTOMAKE='${SHELL} /root/c_icap-0.4.3/missing automake-1.14'
AWK='gawk'
BDB_ADD_FLAG=''
BDB_ADD_LDADD=' -ldb'
BZLIB_ADD_FLAG=''
BZLIB_ADD_LDADD=' -lbz2'
CC='gcc'
CCDEPMODE='depmode=gcc3'
CFLAGS='-D_REENTRANT -g -O2 -Wall -D_FILE_OFFSET_BITS=64'
CICAPLIB_VERSION='4:3:0'
CPP='gcc -E'
CPPFLAGS=''
CYGPATH_W='echo'
C_ICAP_HEX_VERSION='0x000000040003'
DEFINE_INT64='0'
DEFINE_INT8='0'
DEFINE_OFF_T='0'
DEFINE_SIZE_OFF_T='8'
DEFINE_SIZE_T='0'
DEFINE_SIZE_VOID_P='8'
DEFINE_UINT64='0'
DEFINE_UINT8='0'
DEFS='-DHAVE_CONFIG_H'
DEPDIR='.deps'
DLLTOOL='dlltool'
DL_ADD_FLAG=' -ldl'
DSYMUTIL=''
DUMPBIN=''
ECHO_C=''
ECHO_N='-n'
ECHO_T=''
EGREP='/bin/grep -E'
EXEEXT=''
FGREP='/bin/grep -F'
GREP='/bin/grep'
INSTALL_DATA='${INSTALL} -m 644'
INSTALL_PROGRAM='${INSTALL}'
INSTALL_SCRIPT='${INSTALL}'
INSTALL_STRIP_PROGRAM='$(install_sh) -c -s'
INTTYPES_H='1'
INVISIBILITY_CFLAG='-fvisibility=hidden'
ISCYGWIN_FALSE=''
ISCYGWIN_TRUE='#'
LD='/usr/bin/ld -m elf_x86_64'
LDAP_ADD_FLAG=''
LDAP_ADD_LDADD=''
LDFLAGS=''
LIBOBJS=''
LIBS='  -lrt'
LIBTOOL='$(SHELL) $(top_builddir)/libtool'
LIBTOOL_DEPS='./ltmain.sh'
LIPO=''
LN_S='ln -s'
LTLIBOBJS=''
MAINT='#'
MAINTAINER_MODE_FALSE=''
MAINTAINER_MODE_TRUE='#'
MAKEINFO='${SHELL} /root/c_icap-0.4.3/missing makeinfo'
MANIFEST_TOOL=':'
MEMCACHED_CFLAGS=''
MEMCACHED_LDFLAGS=''
MKDIR_P='/bin/mkdir -p'
MODULES_CFLAGS='-fvisibility=hidden -DCI_BUILD_MODULE'
MODULES_LIBADD=''
NM='/usr/bin/nm -B'
NMEDIT=''
OBJDUMP='objdump'
OBJEXT='o'
OTOOL64=''
OTOOL=''
PACKAGE='c_icap'
PACKAGE_BUGREPORT=''
PACKAGE_NAME='c_icap'
PACKAGE_STRING='c_icap 0.4.3'
PACKAGE_TARNAME='c_icap'
PACKAGE_URL=''
PACKAGE_VERSION='0.4.3'
PATH_SEPARATOR=':'
PCRE_ADD_FLAG=''
PCRE_ADD_LDADD=' -lpcre'
POSIX_FILE_LOCK='1'
POSIX_MAPPED_FILES='1'
POSIX_SEMAPHORES='1'
POSIX_SHARED_MEM='1'
PTHREADS_RWLOCK='1'
RANLIB='ranlib'
SED='/bin/sed'
SET_MAKE=''
SHELL='/bin/sh'
STRIP='strip'
SYSV_IPC='1'
SYS_TYPES_H='1'
THREADS_LDADD='-lpthread'
THREADS_LDFLAGS=''
USEBDB_FALSE='#'
USEBDB_TRUE=''
USELDAP_FALSE=''
USELDAP_TRUE='#'
USEMEMCACHED_FALSE=''
USEMEMCACHED_TRUE='#'
USEPERL_FALSE=''
USEPERL_TRUE='#'
USE_COMPAT='0'
USE_IPV6='0'
USE_POLL='1'
USE_REGEX='1'
USE_REGEX_FALSE='#'
USE_REGEX_TRUE=''
VERSION='0.4.3'
VISIBILITY_ATTR='1'
ZLIB_ADD_FLAG=''
ZLIB_ADD_LDADD=' -lz'
ac_ct_AR='ar'
ac_ct_CC='gcc'
ac_ct_DUMPBIN=''
am__EXEEXT_FALSE=''
am__EXEEXT_TRUE='#'
am__fastdepCC_FALSE='#'
am__fastdepCC_TRUE=''
am__include='include'
am__isrc=''
am__leading_dot='.'
am__nodep='_no'
am__quote=''
am__tar='$${TAR-tar} chof - "$$tardir"'
am__untar='$${TAR-tar} xf -'
bindir='${exec_prefix}/bin'
build='x86_64-unknown-linux-gnu'
build_alias=''
build_cpu='x86_64'
build_os='linux-gnu'
build_vendor='unknown'
datadir='${datarootdir}'
datarootdir='${prefix}/share'
docdir='${datarootdir}/doc/${PACKAGE_TARNAME}'
doxygen_bin='doxygen'
dvidir='${docdir}'
exec_prefix='${prefix}'
has_doxygen='yes'
host='x86_64-unknown-linux-gnu'
host_alias=''
host_cpu='x86_64'
host_os='linux-gnu'
host_vendor='unknown'
htmldir='${docdir}'
includedir='${prefix}/include'
infodir='${datarootdir}/info'
install_sh='${SHELL} /root/c_icap-0.4.3/install-sh'
libdir='${exec_prefix}/lib'
libexecdir='${exec_prefix}/libexec'
localedir='${datarootdir}/locale'
localstatedir='${prefix}/var'
mandir='${datarootdir}/man'
mkdir_p='$(MKDIR_P)'
oldincludedir='/usr/include'
pdfdir='${docdir}'
perlccflags=''
perlcore=''
perlldflags=''
perllib=''
prefix='/usr/local/c-icap-0.4.x'
program_transform_name='s,x,x,'
psdir='${docdir}'
sbindir='${exec_prefix}/sbin'
sharedstatedir='${prefix}/com'
sysconfdir='${prefix}/etc'
target='x86_64-unknown-linux-gnu'
target_alias=''
target_cpu='x86_64'
target_os='linux-gnu'
target_vendor='unknown'

## ----------- ##
## confdefs.h. ##
## ----------- ##

/* confdefs.h */
#define PACKAGE_NAME "c_icap"
#define PACKAGE_TARNAME "c_icap"
#define PACKAGE_VERSION "0.4.3"
#define PACKAGE_STRING "c_icap 0.4.3"
#define PACKAGE_BUGREPORT ""
#define PACKAGE_URL ""
#define PACKAGE "c_icap"
#define VERSION "0.4.3"
#define STDC_HEADERS 1
#define HAVE_SYS_TYPES_H 1
#define HAVE_SYS_STAT_H 1
#define HAVE_STDLIB_H 1
#define HAVE_STRING_H 1
#define HAVE_MEMORY_H 1
#define HAVE_STRINGS_H 1
#define HAVE_INTTYPES_H 1
#define HAVE_STDINT_H 1
#define HAVE_UNISTD_H 1
#define HAVE_DLFCN_H 1
#define LT_OBJDIR ".libs/"
#define __EXTENSIONS__ 1
#define _ALL_SOURCE 1
#define _GNU_SOURCE 1
#define _POSIX_PTHREAD_SEMANTICS 1
#define _TANDEM_SOURCE 1
#define HAVE_VISIBILITY_ATTRIBUTE 1
#define HAVE_ZLIB 1
#define HAVE_BZLIB 1
#define HAVE_BDB 1
#define STDC_HEADERS 1
#define HAVE_STRINGS_H 1
#define HAVE_UNISTD_H 1
#define HAVE_SYS_STAT_H 1
#define HAVE_LIMITS_H 1
#define HAVE_SYS_TYPES_H 1
#define HAVE_SYS_TYPES_H 1
#define HAVE_INTTYPES_H 1
#define HAVE_INTTYPES_H 1
#define HAVE_PCRE_H 1
#define HAVE_PCRE 1
#define HAVE_REGEX_H 1
#define HAVE_REGEX 1
#define SIZEOF_OFF_T 8
#define SIZEOF_VOID_P 8
#define SIZEOF_SHORT 2
#define SIZEOF_INT 4
#define SIZEOF_LONG 8
#define SIZEOF_LONG_LONG 8
#define HAVE_NANOSLEEP 1
#define HAVE_NANOSLEEP 1
#define HAVE_INET_ATON 1
#define HAVE_INET_ATON 1
#define HAVE_STRCASESTR 1
#define HAVE_STRCASESTR 1
#define HAVE_DECL_STRERROR_R 1
#define HAVE_STRERROR_R 1
#define STRERROR_R_CHAR_P 1
#define HAVE_POLL_H 1
#define HAVE_POLL 1
#define HAVE_SYS_IPC_H 1
#define HAVE_SYSV_IPC 1
#define HAVE_MMAP 1
#define HAVE_POSIX_MAPPED_FILES 1
#define HAVE_MUNMAP 1
#define HAVE_POSIX_MAPPED_FILES 1
#define HAVE_POSIX_SEMAPHORES 1
#define HAVE_POSIX_FILE_LOCK 1
#define HAVE_POSIX_SHARED_MEM 1
#define HAVE_PTHREADS_RWLOCK 1

configure: exit 0

## ---------------------- ##
## Running config.status. ##
## ---------------------- ##

This file was extended by c_icap config.status 0.4.3, which was
generated by GNU Autoconf 2.69.  Invocation command line was

  CONFIG_FILES    = 
  CONFIG_HEADERS  = 
  CONFIG_LINKS    = 
  CONFIG_COMMANDS = 
  $ ./config.status 

on centos

config.status:1207: creating include/c-icap-conf.h
config.status:1207: creating Makefile
config.status:1207: creating utils/Makefile
config.status:1207: creating services/Makefile
config.status:1207: creating services/echo/Makefile
config.status:1207: creating services/ex-206/Makefile
config.status:1207: creating modules/Makefile
config.status:1207: creating tests/Makefile
config.status:1207: creating docs/Makefile
config.status:1207: creating docs/man/Makefile
config.status:1207: creating autoconf.h
config.status:1436: executing depfiles commands
config.status:1436: executing libtool commands
